<?xml version="1.0" encoding="UTF-8"?>
<testng-results ignored="0" total="1" passed="1" failed="0" skipped="0">
  <reporter-output>
  </reporter-output>
  <suite started-at="2023-03-16T06:59:35Z" name="Surefire suite" finished-at="2023-03-16T06:59:35Z" duration-ms="35">
    <groups>
    </groups>
    <test started-at="2023-03-16T06:59:35Z" name="Surefire test" finished-at="2023-03-16T06:59:35Z" duration-ms="35">
      <class name="planittesting.assesment.AppTest">
        <test-method signature="shouldAnswerWithTrue()[pri:0, instance:planittesting.assesment.AppTest@c81cdd1]" started-at="2023-03-16T12:29:35Z" name="shouldAnswerWithTrue" finished-at="2023-03-16T12:29:35Z" duration-ms="9" status="PASS">
          <reporter-output>
          </reporter-output>
        </test-method> <!-- shouldAnswerWithTrue -->
      </class> <!-- planittesting.assesment.AppTest -->
    </test> <!-- Surefire test -->
  </suite> <!-- Surefire suite -->
</testng-results>
