<?xml version="1.0" encoding="UTF-8"?>
<testng-results ignored="0" total="1" passed="1" failed="0" skipped="0">
  <reporter-output>
  </reporter-output>
  <suite started-at="2023-03-16T08:36:48Z" name="Default suite" finished-at="2023-03-16T08:37:00Z" duration-ms="12189">
    <groups>
    </groups>
    <test started-at="2023-03-16T08:36:48Z" name="Default test" finished-at="2023-03-16T08:37:00Z" duration-ms="12189">
      <class name="planittesting.assesment.DemoTest">
        <test-method is-config="true" signature="setup()[pri:0, instance:planittesting.assesment.DemoTest@74e28667]" started-at="2023-03-16T14:06:48Z" name="setup" finished-at="2023-03-16T14:06:54Z" duration-ms="5555" status="PASS">
          <reporter-output>
          </reporter-output>
        </test-method> <!-- setup -->
        <test-method signature="DemoExample()[pri:0, instance:planittesting.assesment.DemoTest@74e28667]" started-at="2023-03-16T14:06:54Z" name="DemoExample" finished-at="2023-03-16T14:07:00Z" duration-ms="6446" status="PASS">
          <reporter-output>
          </reporter-output>
        </test-method> <!-- DemoExample -->
        <test-method is-config="true" signature="tearDown()[pri:0, instance:planittesting.assesment.DemoTest@74e28667]" started-at="2023-03-16T14:07:00Z" name="tearDown" finished-at="2023-03-16T14:07:00Z" duration-ms="176" status="PASS">
          <reporter-output>
          </reporter-output>
        </test-method> <!-- tearDown -->
      </class> <!-- planittesting.assesment.DemoTest -->
    </test> <!-- Default test -->
  </suite> <!-- Default suite -->
</testng-results>
